<?xml version="1.0" encoding="UTF-8"?>
<!-- Generated by org.testng.reporters.JUnitReportReporter -->
<testsuite hostname="DESKTOP-S1OI3QD" name="com.legalzoom.hometest.HomePageSigninTest" tests="1" failures="0" timestamp="11 May 2020 12:47:55 GMT" time="3.962" errors="0">
  <testcase name="verify_home_page" time="3.962" classname="com.legalzoom.hometest.HomePageSigninTest"/>
</testsuite> <!-- com.legalzoom.hometest.HomePageSigninTest -->
