<?xml version="1.0" encoding="UTF-8"?>
<!-- Generated by org.testng.reporters.JUnitReportReporter -->
<testsuite hostname="DESKTOP-S1OI3QD" name="com.legalzoom.hometest.HomePageTitleCheck" tests="1" failures="0" timestamp="11 May 2020 12:25:48 GMT" time="4.016" errors="0">
  <testcase name="verify_home_page_titel" time="4.016" classname="com.legalzoom.hometest.HomePageTitleCheck"/>
</testsuite> <!-- com.legalzoom.hometest.HomePageTitleCheck -->
