<?xml version="1.0" encoding="UTF-8"?>
<!-- Generated by org.testng.reporters.JUnitReportReporter -->
<testsuite hostname="DESKTOP-S1OI3QD" name="com.legalzoom.accountoverview.AccountOverviewHelpSearchLink" tests="1" failures="0" timestamp="15 May 2020 13:04:52 GMT" time="16.398" errors="0">
  <testcase name="verifysearchourknowledgecenter" time="16.398" classname="com.legalzoom.accountoverview.AccountOverviewHelpSearchLink"/>
</testsuite> <!-- com.legalzoom.accountoverview.AccountOverviewHelpSearchLink -->
