<?xml version="1.0" encoding="UTF-8"?>
<!-- Generated by org.testng.reporters.JUnitReportReporter -->
<testsuite hostname="DESKTOP-S1OI3QD" name="com.legalzoom.hometest.LegalZoomSignInTest" tests="1" failures="0" timestamp="15 May 2020 13:02:10 GMT" time="17.723" errors="0">
  <testcase name="verifysignin" time="17.723" classname="com.legalzoom.hometest.LegalZoomSignInTest"/>
</testsuite> <!-- com.legalzoom.hometest.LegalZoomSignInTest -->
