<?xml version="1.0" encoding="UTF-8"?>
<!-- Generated by org.testng.reporters.JUnitReportReporter -->
<testsuite hostname="DESKTOP-S1OI3QD" name="com.legalzoom.accountoverview.AccountOverviewSignUpNewsletter" tests="1" failures="0" timestamp="14 May 2020 11:14:17 GMT" time="15.976" errors="0">
  <testcase name="verifysignupforournewsletter" time="15.976" classname="com.legalzoom.accountoverview.AccountOverviewSignUpNewsletter"/>
</testsuite> <!-- com.legalzoom.accountoverview.AccountOverviewSignUpNewsletter -->
