<?xml version="1.0" encoding="UTF-8"?>
<!-- Generated by org.testng.reporters.JUnitReportReporter -->
<testsuite hostname="DESKTOP-S1OI3QD" name="com.legalzoom.accountoverview.AccountOverviewBeginanewOrder" tests="1" failures="0" timestamp="14 May 2020 11:14:17 GMT" time="24.992" errors="0">
  <testcase name="verifybeginaneworder" time="24.992" classname="com.legalzoom.accountoverview.AccountOverviewBeginanewOrder"/>
</testsuite> <!-- com.legalzoom.accountoverview.AccountOverviewBeginanewOrder -->
