<?xml version="1.0" encoding="UTF-8"?>
<!-- Generated by org.testng.reporters.JUnitReportReporter -->
<testsuite hostname="DESKTOP-S1OI3QD" name="com.legalzoom.accountoverview.AccountOverviewEditOptionTest" tests="1" failures="0" timestamp="20 May 2020 09:55:37 GMT" time="23.150" errors="0">
  <testcase name="verifyeditoption" time="23.150" classname="com.legalzoom.accountoverview.AccountOverviewEditOptionTest"/>
</testsuite> <!-- com.legalzoom.accountoverview.AccountOverviewEditOptionTest -->
