<?xml version="1.0" encoding="UTF-8"?>
<!-- Generated by org.testng.reporters.JUnitReportReporter -->
<testsuite hostname="DESKTOP-S1OI3QD" name="com.legalzoom.hometest.LegalZoomHomePageTest" tests="1" failures="0" timestamp="20 May 2020 09:55:37 GMT" time="7.000" errors="0">
  <testcase name="verifyhomepage" time="7.000" classname="com.legalzoom.hometest.LegalZoomHomePageTest"/>
</testsuite> <!-- com.legalzoom.hometest.LegalZoomHomePageTest -->
