<?xml version="1.0" encoding="UTF-8"?>
<!-- Generated by org.testng.reporters.JUnitReportReporter -->
<testsuite hostname="DESKTOP-S1OI3QD" name="com.legalzoom.accountoverview.AccountOverviewHelpSearchLink" tests="1" failures="0" timestamp="20 May 2020 09:55:37 GMT" time="20.140" errors="0">
  <testcase name="verifysearchourknowledgecenter" time="20.140" classname="com.legalzoom.accountoverview.AccountOverviewHelpSearchLink"/>
</testsuite> <!-- com.legalzoom.accountoverview.AccountOverviewHelpSearchLink -->
